[debug] [2021-10-29T04:17:57.072Z] ----------------------------------------------------------------------
[debug] [2021-10-29T04:17:57.074Z] Command:       C:\Program Files\nodejs\node.exe C:\Users\USER\AppData\Roaming\npm\node_modules\firebase-tools\lib\bin\firebase.js init
[debug] [2021-10-29T04:17:57.074Z] CLI Version:   9.21.0
[debug] [2021-10-29T04:17:57.074Z] Platform:      win32
[debug] [2021-10-29T04:17:57.074Z] Node Version:  v14.17.1
[debug] [2021-10-29T04:17:57.075Z] Time:          Fri Oct 29 2021 10:17:57 GMT+0600 (Bangladesh Standard Time)
[debug] [2021-10-29T04:17:57.075Z] ----------------------------------------------------------------------
[debug] 
[debug] [2021-10-29T04:17:57.080Z] > command requires scopes: ["email","openid","https://www.googleapis.com/auth/cloudplatformprojects.readonly","https://www.googleapis.com/auth/firebase","https://www.googleapis.com/auth/cloud-platform"]
[debug] [2021-10-29T04:17:57.080Z] > authorizing via signed-in user (aktarinacsehstu@gmail.com)
[info] 
     ######## #### ########  ######## ########     ###     ######  ########
     ##        ##  ##     ## ##       ##     ##  ##   ##  ##       ##
     ######    ##  ########  ######   ########  #########  ######  ######
     ##        ##  ##    ##  ##       ##     ## ##     ##       ## ##
     ##       #### ##     ## ######## ########  ##     ##  ######  ########

You're about to initialize a Firebase project in this directory:

  C:\projects\tourism-assignment-11

Before we get started, keep in mind:

  * You are currently outside your home directory

